[04-Nov-2019 08:58:51 UTC] PHP Fatal error:  Uncaught Exception: this controller is not exit
 in /home/zhanglei/ourc/logSentry/NodeSentryWeb/Common/Function.php:16
Stack trace:
#0 /home/zhanglei/ourc/logSentry/NodeSentryWeb/System/Route/Route.php(106): productError('this controller...')
#1 /home/zhanglei/ourc/logSentry/NodeSentryWeb/System/Route/Route.php(51): Route->checkRoute(Array)
#2 /home/zhanglei/ourc/logSentry/NodeSentryWeb/bootstrap.php(60): Route->callBack()
#3 /home/zhanglei/ourc/logSentry/NodeSentryWeb/index.php(9): include_once('/home/zhanglei/...')
#4 {main}
  thrown in /home/zhanglei/ourc/logSentry/NodeSentryWeb/Common/Function.php on line 16
[04-Nov-2019 09:00:58 UTC] PHP Fatal error:  Uncaught ReflectionException: Method js does not exist in /home/zhanglei/ourc/logSentry/NodeSentryWeb/System/Route/Route.php:69
Stack trace:
#0 /home/zhanglei/ourc/logSentry/NodeSentryWeb/System/Route/Route.php(69): ReflectionClass->getMethod('js')
#1 /home/zhanglei/ourc/logSentry/NodeSentryWeb/bootstrap.php(60): Route->callBack()
#2 /home/zhanglei/ourc/logSentry/NodeSentryWeb/index.php(9): include_once('/home/zhanglei/...')
#3 {main}
  thrown in /home/zhanglei/ourc/logSentry/NodeSentryWeb/System/Route/Route.php on line 69
[04-Nov-2019 09:01:24 UTC] PHP Fatal error:  Uncaught ElasticSearch\Transport\HTTPException: Couldnt connect to host [10.10.28.127], ElasticSearch down? in /home/zhanglei/ourc/logSentry/NodeSentryWeb/Vendor/ElasticSearch/Transport/HTTP.php:220
Stack trace:
#0 /home/zhanglei/ourc/logSentry/NodeSentryWeb/Vendor/ElasticSearch/Transport/HTTP.php(76): ElasticSearch\Transport\HTTP->call('/syslog/syslog/...', 'GET', Array)
#1 /home/zhanglei/ourc/logSentry/NodeSentryWeb/Vendor/ElasticSearch/Client.php(220): ElasticSearch\Transport\HTTP->search(Array, Array)
#2 /home/zhanglei/ourc/logSentry/NodeSentryWeb/App/Model/syslogModel.php(100): ElasticSearch\Client->search(Array, Array)
#3 /home/zhanglei/ourc/logSentry/NodeSentryWeb/App/Controller/Admin/LogList.php(115): syslogModel->searchByEs(Array)
#4 /home/zhanglei/ourc/logSentry/NodeSentryWeb/System/Route/Route.php(72): LogList->logCollect()
#5 /home/zhanglei/ourc/logSentry/NodeSentryWeb/bootstrap.php(60): Route->callBack()
#6 /home/zhanglei/ourc/logSentry/NodeSentryWeb/index.php(9): include_once('/home/zhanglei/... in /home/zhanglei/ourc/logSentry/NodeSentryWeb/Vendor/ElasticSearch/Transport/HTTP.php on line 220
[04-Nov-2019 09:03:28 UTC] PHP Warning:  include_once(/home/zhanglei/ourc/logSentry/NodeSentryWeb/App/View/Admin/Admin/css_header.php): failed to open stream: No such file or directory in /home/zhanglei/ourc/logSentry/NodeSentryWeb/App/View/Admin/Project/make.php on line 1
[04-Nov-2019 09:03:28 UTC] PHP Warning:  include_once(): Failed opening '/home/zhanglei/ourc/logSentry/NodeSentryWeb/App/View/Admin/Admin/css_header.php' for inclusion (include_path='.:/home/zhanglei/soft/php/lib/php') in /home/zhanglei/ourc/logSentry/NodeSentryWeb/App/View/Admin/Project/make.php on line 1
[04-Nov-2019 09:03:28 UTC] PHP Warning:  include_once(/home/zhanglei/ourc/logSentry/NodeSentryWeb/App/View/Admin/Admin/header.php): failed to open stream: No such file or directory in /home/zhanglei/ourc/logSentry/NodeSentryWeb/App/View/Admin/Project/make.php on line 5
[04-Nov-2019 09:03:28 UTC] PHP Warning:  include_once(): Failed opening '/home/zhanglei/ourc/logSentry/NodeSentryWeb/App/View/Admin/Admin/header.php' for inclusion (include_path='.:/home/zhanglei/soft/php/lib/php') in /home/zhanglei/ourc/logSentry/NodeSentryWeb/App/View/Admin/Project/make.php on line 5
[04-Nov-2019 09:03:28 UTC] PHP Warning:  include_once(/home/zhanglei/ourc/logSentry/NodeSentryWeb/App/View/Admin/Admin/left.php): failed to open stream: No such file or directory in /home/zhanglei/ourc/logSentry/NodeSentryWeb/App/View/Admin/Project/make.php on line 8
[04-Nov-2019 09:03:28 UTC] PHP Warning:  include_once(): Failed opening '/home/zhanglei/ourc/logSentry/NodeSentryWeb/App/View/Admin/Admin/left.php' for inclusion (include_path='.:/home/zhanglei/soft/php/lib/php') in /home/zhanglei/ourc/logSentry/NodeSentryWeb/App/View/Admin/Project/make.php on line 8
[04-Nov-2019 09:03:28 UTC] PHP Warning:  include_once(/home/zhanglei/ourc/logSentry/NodeSentryWeb/App/View/Admin/Admin/js_loader.php): failed to open stream: No such file or directory in /home/zhanglei/ourc/logSentry/NodeSentryWeb/App/View/Admin/Project/make.php on line 85
[04-Nov-2019 09:03:28 UTC] PHP Warning:  include_once(): Failed opening '/home/zhanglei/ourc/logSentry/NodeSentryWeb/App/View/Admin/Admin/js_loader.php' for inclusion (include_path='.:/home/zhanglei/soft/php/lib/php') in /home/zhanglei/ourc/logSentry/NodeSentryWeb/App/View/Admin/Project/make.php on line 85
[06-Nov-2019 12:59:27 UTC] PHP Fatal error:  Uncaught ReflectionException: Method js does not exist in /home/zhanglei/ourc/logSentry/NodeSentryWeb/System/Route/Route.php:69
Stack trace:
#0 /home/zhanglei/ourc/logSentry/NodeSentryWeb/System/Route/Route.php(69): ReflectionClass->getMethod('js')
#1 /home/zhanglei/ourc/logSentry/NodeSentryWeb/bootstrap.php(60): Route->callBack()
#2 /home/zhanglei/ourc/logSentry/NodeSentryWeb/index.php(9): include_once('/home/zhanglei/...')
#3 {main}
  thrown in /home/zhanglei/ourc/logSentry/NodeSentryWeb/System/Route/Route.php on line 69
[06-Nov-2019 13:05:02 UTC] PHP Warning:  include_once(/home/zhanglei/ourc/logSentry/NodeSentryWeb/App/View/Admin/Admin/css_header.php): failed to open stream: No such file or directory in /home/zhanglei/ourc/logSentry/NodeSentryWeb/App/View/Admin/Project/make.php on line 1
[06-Nov-2019 13:05:02 UTC] PHP Warning:  include_once(): Failed opening '/home/zhanglei/ourc/logSentry/NodeSentryWeb/App/View/Admin/Admin/css_header.php' for inclusion (include_path='.:/home/zhanglei/soft/php/lib/php') in /home/zhanglei/ourc/logSentry/NodeSentryWeb/App/View/Admin/Project/make.php on line 1
[06-Nov-2019 13:05:02 UTC] PHP Warning:  include_once(/home/zhanglei/ourc/logSentry/NodeSentryWeb/App/View/Admin/Admin/header.php): failed to open stream: No such file or directory in /home/zhanglei/ourc/logSentry/NodeSentryWeb/App/View/Admin/Project/make.php on line 5
[06-Nov-2019 13:05:02 UTC] PHP Warning:  include_once(): Failed opening '/home/zhanglei/ourc/logSentry/NodeSentryWeb/App/View/Admin/Admin/header.php' for inclusion (include_path='.:/home/zhanglei/soft/php/lib/php') in /home/zhanglei/ourc/logSentry/NodeSentryWeb/App/View/Admin/Project/make.php on line 5
[06-Nov-2019 13:05:02 UTC] PHP Warning:  include_once(/home/zhanglei/ourc/logSentry/NodeSentryWeb/App/View/Admin/Admin/left.php): failed to open stream: No such file or directory in /home/zhanglei/ourc/logSentry/NodeSentryWeb/App/View/Admin/Project/make.php on line 8
[06-Nov-2019 13:05:02 UTC] PHP Warning:  include_once(): Failed opening '/home/zhanglei/ourc/logSentry/NodeSentryWeb/App/View/Admin/Admin/left.php' for inclusion (include_path='.:/home/zhanglei/soft/php/lib/php') in /home/zhanglei/ourc/logSentry/NodeSentryWeb/App/View/Admin/Project/make.php on line 8
[06-Nov-2019 13:05:02 UTC] PHP Warning:  include_once(/home/zhanglei/ourc/logSentry/NodeSentryWeb/App/View/Admin/Admin/js_loader.php): failed to open stream: No such file or directory in /home/zhanglei/ourc/logSentry/NodeSentryWeb/App/View/Admin/Project/make.php on line 85
[06-Nov-2019 13:05:02 UTC] PHP Warning:  include_once(): Failed opening '/home/zhanglei/ourc/logSentry/NodeSentryWeb/App/View/Admin/Admin/js_loader.php' for inclusion (include_path='.:/home/zhanglei/soft/php/lib/php') in /home/zhanglei/ourc/logSentry/NodeSentryWeb/App/View/Admin/Project/make.php on line 85
[06-Nov-2019 13:06:11 UTC] PHP Warning:  include_once(/home/zhanglei/ourc/logSentry/NodeSentryWeb/App/View/Admin/Admin/js_loader.php): failed to open stream: No such file or directory in /home/zhanglei/ourc/logSentry/NodeSentryWeb/App/View/Admin/Project/make.php on line 85
[06-Nov-2019 13:06:11 UTC] PHP Warning:  include_once(): Failed opening '/home/zhanglei/ourc/logSentry/NodeSentryWeb/App/View/Admin/Admin/js_loader.php' for inclusion (include_path='.:/home/zhanglei/soft/php/lib/php') in /home/zhanglei/ourc/logSentry/NodeSentryWeb/App/View/Admin/Project/make.php on line 85
[06-Nov-2019 13:06:21 UTC] PHP Warning:  include_once(/home/zhanglei/ourc/logSentry/NodeSentryWeb/App/View/Admin/Admin/js_loader.php): failed to open stream: No such file or directory in /home/zhanglei/ourc/logSentry/NodeSentryWeb/App/View/Admin/Project/make.php on line 85
[06-Nov-2019 13:06:21 UTC] PHP Warning:  include_once(): Failed opening '/home/zhanglei/ourc/logSentry/NodeSentryWeb/App/View/Admin/Admin/js_loader.php' for inclusion (include_path='.:/home/zhanglei/soft/php/lib/php') in /home/zhanglei/ourc/logSentry/NodeSentryWeb/App/View/Admin/Project/make.php on line 85
[06-Nov-2019 13:06:22 UTC] PHP Warning:  include_once(/home/zhanglei/ourc/logSentry/NodeSentryWeb/App/View/Admin/Admin/js_loader.php): failed to open stream: No such file or directory in /home/zhanglei/ourc/logSentry/NodeSentryWeb/App/View/Admin/Project/make.php on line 85
[06-Nov-2019 13:06:22 UTC] PHP Warning:  include_once(): Failed opening '/home/zhanglei/ourc/logSentry/NodeSentryWeb/App/View/Admin/Admin/js_loader.php' for inclusion (include_path='.:/home/zhanglei/soft/php/lib/php') in /home/zhanglei/ourc/logSentry/NodeSentryWeb/App/View/Admin/Project/make.php on line 85
[06-Nov-2019 13:06:22 UTC] PHP Warning:  include_once(/home/zhanglei/ourc/logSentry/NodeSentryWeb/App/View/Admin/Admin/js_loader.php): failed to open stream: No such file or directory in /home/zhanglei/ourc/logSentry/NodeSentryWeb/App/View/Admin/Project/make.php on line 85
[06-Nov-2019 13:06:22 UTC] PHP Warning:  include_once(): Failed opening '/home/zhanglei/ourc/logSentry/NodeSentryWeb/App/View/Admin/Admin/js_loader.php' for inclusion (include_path='.:/home/zhanglei/soft/php/lib/php') in /home/zhanglei/ourc/logSentry/NodeSentryWeb/App/View/Admin/Project/make.php on line 85
[06-Nov-2019 13:06:22 UTC] PHP Warning:  include_once(/home/zhanglei/ourc/logSentry/NodeSentryWeb/App/View/Admin/Admin/js_loader.php): failed to open stream: No such file or directory in /home/zhanglei/ourc/logSentry/NodeSentryWeb/App/View/Admin/Project/make.php on line 85
[06-Nov-2019 13:06:22 UTC] PHP Warning:  include_once(): Failed opening '/home/zhanglei/ourc/logSentry/NodeSentryWeb/App/View/Admin/Admin/js_loader.php' for inclusion (include_path='.:/home/zhanglei/soft/php/lib/php') in /home/zhanglei/ourc/logSentry/NodeSentryWeb/App/View/Admin/Project/make.php on line 85
[06-Nov-2019 13:06:39 UTC] PHP Fatal error:  Uncaught ElasticSearch\Transport\HTTPException: Couldnt connect to host [10.10.28.127], ElasticSearch down? in /home/zhanglei/ourc/logSentry/NodeSentryWeb/Vendor/ElasticSearch/Transport/HTTP.php:220
Stack trace:
#0 /home/zhanglei/ourc/logSentry/NodeSentryWeb/Vendor/ElasticSearch/Transport/HTTP.php(76): ElasticSearch\Transport\HTTP->call('/syslog/syslog/...', 'GET', Array)
#1 /home/zhanglei/ourc/logSentry/NodeSentryWeb/Vendor/ElasticSearch/Client.php(220): ElasticSearch\Transport\HTTP->search(Array, Array)
#2 /home/zhanglei/ourc/logSentry/NodeSentryWeb/App/Model/syslogModel.php(100): ElasticSearch\Client->search(Array, Array)
#3 /home/zhanglei/ourc/logSentry/NodeSentryWeb/App/Controller/Admin/LogList.php(115): syslogModel->searchByEs(Array)
#4 /home/zhanglei/ourc/logSentry/NodeSentryWeb/System/Route/Route.php(72): LogList->logCollect()
#5 /home/zhanglei/ourc/logSentry/NodeSentryWeb/bootstrap.php(60): Route->callBack()
#6 /home/zhanglei/ourc/logSentry/NodeSentryWeb/index.php(9): include_once('/home/zhanglei/... in /home/zhanglei/ourc/logSentry/NodeSentryWeb/Vendor/ElasticSearch/Transport/HTTP.php on line 220
[06-Nov-2019 13:06:54 UTC] PHP Warning:  include_once(/home/zhanglei/ourc/logSentry/NodeSentryWeb/App/View/Admin/Admin/js_loader.php): failed to open stream: No such file or directory in /home/zhanglei/ourc/logSentry/NodeSentryWeb/App/View/Admin/Project/make.php on line 85
[06-Nov-2019 13:06:54 UTC] PHP Warning:  include_once(): Failed opening '/home/zhanglei/ourc/logSentry/NodeSentryWeb/App/View/Admin/Admin/js_loader.php' for inclusion (include_path='.:/home/zhanglei/soft/php/lib/php') in /home/zhanglei/ourc/logSentry/NodeSentryWeb/App/View/Admin/Project/make.php on line 85
[06-Nov-2019 13:08:04 UTC] PHP Fatal error:  Uncaught ElasticSearch\Transport\HTTPException: Couldnt connect to host [10.10.28.127], ElasticSearch down? in /home/zhanglei/ourc/logSentry/NodeSentryWeb/Vendor/ElasticSearch/Transport/HTTP.php:220
Stack trace:
#0 /home/zhanglei/ourc/logSentry/NodeSentryWeb/Vendor/ElasticSearch/Transport/HTTP.php(76): ElasticSearch\Transport\HTTP->call('/syslog/syslog/...', 'GET', Array)
#1 /home/zhanglei/ourc/logSentry/NodeSentryWeb/Vendor/ElasticSearch/Client.php(220): ElasticSearch\Transport\HTTP->search(Array, Array)
#2 /home/zhanglei/ourc/logSentry/NodeSentryWeb/App/Model/syslogModel.php(100): ElasticSearch\Client->search(Array, Array)
#3 /home/zhanglei/ourc/logSentry/NodeSentryWeb/App/Controller/Admin/LogList.php(115): syslogModel->searchByEs(Array)
#4 /home/zhanglei/ourc/logSentry/NodeSentryWeb/System/Route/Route.php(72): LogList->logCollect()
#5 /home/zhanglei/ourc/logSentry/NodeSentryWeb/bootstrap.php(60): Route->callBack()
#6 /home/zhanglei/ourc/logSentry/NodeSentryWeb/index.php(9): include_once('/home/zhanglei/... in /home/zhanglei/ourc/logSentry/NodeSentryWeb/Vendor/ElasticSearch/Transport/HTTP.php on line 220
[06-Nov-2019 13:09:10 UTC] PHP Fatal error:  Uncaught ElasticSearch\Transport\HTTPException: Couldnt connect to host [10.10.28.127], ElasticSearch down? in /home/zhanglei/ourc/logSentry/NodeSentryWeb/Vendor/ElasticSearch/Transport/HTTP.php:220
Stack trace:
#0 /home/zhanglei/ourc/logSentry/NodeSentryWeb/Vendor/ElasticSearch/Transport/HTTP.php(76): ElasticSearch\Transport\HTTP->call('/syslog/syslog/...', 'GET', Array)
#1 /home/zhanglei/ourc/logSentry/NodeSentryWeb/Vendor/ElasticSearch/Client.php(220): ElasticSearch\Transport\HTTP->search(Array, Array)
#2 /home/zhanglei/ourc/logSentry/NodeSentryWeb/App/Model/syslogModel.php(100): ElasticSearch\Client->search(Array, Array)
#3 /home/zhanglei/ourc/logSentry/NodeSentryWeb/App/Controller/Admin/LogList.php(115): syslogModel->searchByEs(Array)
#4 /home/zhanglei/ourc/logSentry/NodeSentryWeb/System/Route/Route.php(72): LogList->logCollect()
#5 /home/zhanglei/ourc/logSentry/NodeSentryWeb/bootstrap.php(60): Route->callBack()
#6 /home/zhanglei/ourc/logSentry/NodeSentryWeb/index.php(9): include_once('/home/zhanglei/... in /home/zhanglei/ourc/logSentry/NodeSentryWeb/Vendor/ElasticSearch/Transport/HTTP.php on line 220
[06-Nov-2019 13:15:36 UTC] PHP Warning:  Invalid argument supplied for foreach() in /home/zhanglei/ourc/logSentry/NodeSentryWeb/App/View/Admin/Service/index.php on line 49
[06-Nov-2019 14:07:04 UTC] PHP Warning:  include_once(/home/zhanglei/ourc/logSentry/NodeSentryWeb/App/View/Admin/Admin/css_header.php): failed to open stream: No such file or directory in /home/zhanglei/ourc/logSentry/NodeSentryWeb/App/View/Admin/Service/make.php on line 1
[06-Nov-2019 14:07:04 UTC] PHP Warning:  include_once(): Failed opening '/home/zhanglei/ourc/logSentry/NodeSentryWeb/App/View/Admin/Admin/css_header.php' for inclusion (include_path='.:/home/zhanglei/soft/php/lib/php') in /home/zhanglei/ourc/logSentry/NodeSentryWeb/App/View/Admin/Service/make.php on line 1
[06-Nov-2019 14:07:04 UTC] PHP Warning:  include_once(/home/zhanglei/ourc/logSentry/NodeSentryWeb/App/View/Admin/Admin/header.php): failed to open stream: No such file or directory in /home/zhanglei/ourc/logSentry/NodeSentryWeb/App/View/Admin/Service/make.php on line 5
[06-Nov-2019 14:07:04 UTC] PHP Warning:  include_once(): Failed opening '/home/zhanglei/ourc/logSentry/NodeSentryWeb/App/View/Admin/Admin/header.php' for inclusion (include_path='.:/home/zhanglei/soft/php/lib/php') in /home/zhanglei/ourc/logSentry/NodeSentryWeb/App/View/Admin/Service/make.php on line 5
[06-Nov-2019 14:07:04 UTC] PHP Warning:  include_once(/home/zhanglei/ourc/logSentry/NodeSentryWeb/App/View/Admin/Admin/left.php): failed to open stream: No such file or directory in /home/zhanglei/ourc/logSentry/NodeSentryWeb/App/View/Admin/Service/make.php on line 8
[06-Nov-2019 14:07:04 UTC] PHP Warning:  include_once(): Failed opening '/home/zhanglei/ourc/logSentry/NodeSentryWeb/App/View/Admin/Admin/left.php' for inclusion (include_path='.:/home/zhanglei/soft/php/lib/php') in /home/zhanglei/ourc/logSentry/NodeSentryWeb/App/View/Admin/Service/make.php on line 8
[06-Nov-2019 14:07:04 UTC] PHP Warning:  include_once(/home/zhanglei/ourc/logSentry/NodeSentryWeb/App/View/Admin/Admin/js_loader.php): failed to open stream: No such file or directory in /home/zhanglei/ourc/logSentry/NodeSentryWeb/App/View/Admin/Service/make.php on line 59
[06-Nov-2019 14:07:04 UTC] PHP Warning:  include_once(): Failed opening '/home/zhanglei/ourc/logSentry/NodeSentryWeb/App/View/Admin/Admin/js_loader.php' for inclusion (include_path='.:/home/zhanglei/soft/php/lib/php') in /home/zhanglei/ourc/logSentry/NodeSentryWeb/App/View/Admin/Service/make.php on line 59
[06-Nov-2019 14:24:58 UTC] PHP Notice:  Undefined property: Service::$clientModel in /home/zhanglei/ourc/logSentry/NodeSentryWeb/App/Controller/Admin/Service.php on line 70
[06-Nov-2019 14:24:58 UTC] PHP Fatal error:  Uncaught Error: Call to a member function checkClientIp() on null in /home/zhanglei/ourc/logSentry/NodeSentryWeb/App/Controller/Admin/Service.php:70
Stack trace:
#0 /home/zhanglei/ourc/logSentry/NodeSentryWeb/System/Route/Route.php(72): Service->deal()
#1 /home/zhanglei/ourc/logSentry/NodeSentryWeb/bootstrap.php(60): Route->callBack()
#2 /home/zhanglei/ourc/logSentry/NodeSentryWeb/index.php(9): include_once('/home/zhanglei/...')
#3 {main}
  thrown in /home/zhanglei/ourc/logSentry/NodeSentryWeb/App/Controller/Admin/Service.php on line 70
